Using pre-set license
Built from '2022.1/staging' branch; Version is '2022.1.7f1 (240f4c1f462c) revision 2363212'; Using compiler version '192829333'; Build Type 'Release'
OS: 'Windows 11  (10.0.22000) 64bit Core' Language: 'en' Physical Memory: 32535 MB
BatchMode: 1, IsHumanControllingUs: 0, StartBugReporterOnCrash: 0, Is64bit: 1, IsPro: 1

COMMAND LINE ARGUMENTS:
C:\Program Files\Unity\Hub\Editor\2022.1.7f1\Editor\Unity.exe
-adb2
-batchMode
-noUpm
-name
AssetImportWorker3
-projectPath
C:/Users/mayar/OneDrive/Desktop/6 - fp/6 - fps
-logFile
Logs/AssetImportWorker3.log
-srvPort
61455
Successfully changed project path to: C:/Users/mayar/OneDrive/Desktop/6 - fp/6 - fps
C:/Users/mayar/OneDrive/Desktop/6 - fp/6 - fps
[UnityMemory] Configuration Parameters - Can be set up in boot.config
    "memorysetup-bucket-allocator-granularity=16"
    "memorysetup-bucket-allocator-bucket-count=8"
    "memorysetup-bucket-allocator-block-size=33554432"
    "memorysetup-bucket-allocator-block-count=8"
    "memorysetup-main-allocator-block-size=16777216"
    "memorysetup-thread-allocator-block-size=16777216"
    "memorysetup-gfx-main-allocator-block-size=16777216"
    "memorysetup-gfx-thread-allocator-block-size=16777216"
    "memorysetup-cache-allocator-block-size=4194304"
    "memorysetup-typetree-allocator-block-size=2097152"
    "memorysetup-profiler-bucket-allocator-granularity=16"
    "memorysetup-profiler-bucket-allocator-bucket-count=8"
    "memorysetup-profiler-bucket-allocator-block-size=33554432"
    "memorysetup-profiler-bucket-allocator-block-count=8"
    "memorysetup-profiler-allocator-block-size=16777216"
    "memorysetup-profiler-editor-allocator-block-size=1048576"
    "memorysetup-temp-allocator-size-main=16777216"
    "memorysetup-job-temp-allocator-block-size=2097152"
    "memorysetup-job-temp-allocator-block-size-background=1048576"
    "memorysetup-job-temp-allocator-reduction-small-platforms=262144"
    "memorysetup-temp-allocator-size-background-worker=32768"
    "memorysetup-temp-allocator-size-job-worker=262144"
    "memorysetup-temp-allocator-size-preload-manager=33554432"
    "memorysetup-temp-allocator-size-nav-mesh-worker=65536"
    "memorysetup-temp-allocator-size-audio-worker=65536"
    "memorysetup-temp-allocator-size-cloud-worker=32768"
    "memorysetup-temp-allocator-size-gi-baking-worker=262144"
    "memorysetup-temp-allocator-size-gfx=262144"
Refreshing native plugins compatible for Editor in 59.85 ms, found 3 plugins.
Preloading 0 native plugins for Editor in 0.00 ms.
Initialize engine version: 2022.1.7f1 (240f4c1f462c)
[Subsystems] Discovering subsystems at path C:/Program Files/Unity/Hub/Editor/2022.1.7f1/Editor/Data/Resources/UnitySubsystems
[Subsystems] Discovering subsystems at path C:/Users/mayar/OneDrive/Desktop/6 - fp/6 - fps/Assets
GfxDevice: creating device client; threaded=0; jobified=0
Direct3D:
    Version:  Direct3D 11.0 [level 11.1]
    Renderer: NVIDIA GeForce RTX 3080 Laptop GPU (ID=0x24dc)
    Vendor:   NVIDIA
    VRAM:     16202 MB
    Driver:   31.0.15.1659
Initialize mono
Mono path[0] = 'C:/Program Files/Unity/Hub/Editor/2022.1.7f1/Editor/Data/Managed'
Mono path[1] = 'C:/Program Files/Unity/Hub/Editor/2022.1.7f1/Editor/Data/MonoBleedingEdge/lib/mono/unityjit-win32'
Mono config path = 'C:/Program Files/Unity/Hub/Editor/2022.1.7f1/Editor/Data/MonoBleedingEdge/etc'
Using monoOptions --debugger-agent=transport=dt_socket,embedding=1,server=y,suspend=n,address=127.0.0.1:56760
Begin MonoManager ReloadAssembly
Registering precompiled unity dll's ...
Register platform support module: C:/Program Files/Unity/Hub/Editor/2022.1.7f1/Editor/Data/PlaybackEngines/WindowsStandaloneSupport/UnityEditor.WindowsStandalone.Extensions.dll
Register platform support module: C:/Program Files/Unity/Hub/Editor/2022.1.7f1/Editor/Data/PlaybackEngines/MetroSupport/UnityEditor.UWP.Extensions.dll
Registered in 0.003274 seconds.
Native extension for UWP target not found
Native extension for WindowsStandalone target not found
Refreshing native plugins compatible for Editor in 58.56 ms, found 3 plugins.
Preloading 0 native plugins for Editor in 0.00 ms.
Mono: successfully reloaded assembly
- Completed reload, in  0.509 seconds
Domain Reload Profiling:
	ReloadAssembly (510ms)
		BeginReloadAssembly (58ms)
			ExecutionOrderSort (0ms)
			DisableScriptedObjects (0ms)
			BackupInstance (0ms)
			ReleaseScriptingObjects (0ms)
			CreateAndSetChildDomain (1ms)
		EndReloadAssembly (364ms)
			LoadAssemblies (57ms)
			RebuildTransferFunctionScriptingTraits (0ms)
			SetupTypeCache (103ms)
				TypeCache.Initialize (102ms)
					TypeCache.ScanAssembly (101ms)
				ResolveRequiredComponents (0ms)
			ReleaseScriptCaches (0ms)
			RebuildScriptCaches (21ms)
			SetupLoadedEditorAssemblies (202ms)
				LogAssemblyErrors (0ms)
				InitializePlatformSupportModulesInManaged (5ms)
				SetLoadedEditorAssemblies (5ms)
				RefreshPlugins (59ms)
				BeforeProcessingInitializeOnLoad (1ms)
				ProcessInitializeOnLoadAttributes (101ms)
				ProcessInitializeOnLoadMethodAttributes (30ms)
				AfterProcessingInitializeOnLoad (0ms)
				EditorAssembliesLoaded (0ms)
			ExecutionOrderSort2 (0ms)
			AwakeInstancesAfterBackupRestoration (0ms)
Platform modules already initialized, skipping
Registering precompiled user dll's ...
Registered in 0.003146 seconds.
Begin MonoManager ReloadAssembly
Symbol file LoadedFromMemory doesn't match image C:\Users\mayar\OneDrive\Desktop\6 - fp\6 - fps\Library\PackageCache\com.unity.visualscripting@1.7.8\Editor\VisualScripting.Core\Dependencies\YamlDotNet\Unity.VisualScripting.YamlDotNet.dll
Symbol file LoadedFromMemory doesn't match image C:\Users\mayar\OneDrive\Desktop\6 - fp\6 - fps\Library\PackageCache\com.unity.visualscripting@1.7.8\Editor\VisualScripting.Core\Dependencies\DotNetZip\Unity.VisualScripting.IonicZip.dll
Native extension for UWP target not found
Native extension for WindowsStandalone target not found
Refreshing native plugins compatible for Editor in 0.51 ms, found 3 plugins.
Preloading 0 native plugins for Editor in 0.00 ms.
Mono: successfully reloaded assembly
- Completed reload, in  0.781 seconds
Domain Reload Profiling:
	ReloadAssembly (781ms)
		BeginReloadAssembly (79ms)
			ExecutionOrderSort (0ms)
			DisableScriptedObjects (4ms)
			BackupInstance (0ms)
			ReleaseScriptingObjects (0ms)
			CreateAndSetChildDomain (15ms)
		EndReloadAssembly (619ms)
			LoadAssemblies (56ms)
			RebuildTransferFunctionScriptingTraits (0ms)
			SetupTypeCache (218ms)
				TypeCache.Initialize (215ms)
					TypeCache.ScanAssembly (211ms)
				ResolveRequiredComponents (3ms)
			ReleaseScriptCaches (1ms)
			RebuildScriptCaches (38ms)
			SetupLoadedEditorAssemblies (266ms)
				LogAssemblyErrors (0ms)
				InitializePlatformSupportModulesInManaged (4ms)
				SetLoadedEditorAssemblies (5ms)
				RefreshPlugins (1ms)
				BeforeProcessingInitializeOnLoad (59ms)
				ProcessInitializeOnLoadAttributes (173ms)
				ProcessInitializeOnLoadMethodAttributes (20ms)
				AfterProcessingInitializeOnLoad (4ms)
				EditorAssembliesLoaded (0ms)
			ExecutionOrderSort2 (0ms)
			AwakeInstancesAfterBackupRestoration (5ms)
Platform modules already initialized, skipping
========================================================================
Worker process is ready to serve import requests
Launched and connected shader compiler UnityShaderCompiler.exe after 0.04 seconds
Refreshing native plugins compatible for Editor in 0.48 ms, found 3 plugins.
Preloading 0 native plugins for Editor in 0.00 ms.
Unloading 3386 Unused Serialized files (Serialized files now loaded: 0)
Unloading 26 unused Assets / (57.9 KB). Loaded Objects now: 3846.
Memory consumption went from 0.51 GB to 0.51 GB.
Total: 2.512100 ms (FindLiveObjects: 0.208600 ms CreateObjectMapping: 0.078600 ms MarkObjects: 2.152400 ms  DeleteObjects: 0.070700 ms)

AssetImportParameters requested are different than current active one (requested -> active):
  custom:video-decoder-ogg-theora: a1e56fd34408186e4bbccfd4996cb3dc -> 
  custom:container-muxer-webm: aa71ff27fc2769a1b78a27578f13a17b -> 
  custom:container-demuxer-webm: 4f35f7cbe854078d1ac9338744f61a02 -> 
  custom:video-encoder-webm-vp8: eb34c28f22e8b96e1ab97ce403110664 -> 
  custom:audio-encoder-webm-vorbis: bf7c407c2cedff20999df2af8eb42d56 -> 
  custom:framework-win-MediaFoundation: 216162199b28c13a410421893ffa2e32 -> 
  custom:container-demuxer-ogg: 62fdf1f143b41e24485cea50d1cbac27 -> 
  custom:video-decoder-webm-vp8: 9c59270c3fd7afecdb556c50c9e8de78 -> 
  custom:audio-decoder-ogg-vorbis: bf7c407c2cedff20999df2af8eb42d56 -> 
========================================================================
Received Import Request.
  Time since last request: 56099.222839 seconds.
  path: Assets/Weapons/ammo_machinegunLauncher.obj
  artifactKey: Guid(cbd317d478b25594cb68876ae3b30387) Importer(815301076,1909f56bfc062723c751e8b465ee728b)
Start importing Assets/Weapons/ammo_machinegunLauncher.obj using Guid(cbd317d478b25594cb68876ae3b30387) Importer(815301076,1909f56bfc062723c751e8b465ee728b)  -> (artifact id: '59f9b70a587ffaec2a6593f131f8061f') in 0.137560 seconds 
========================================================================
Received Import Request.
  Time since last request: 0.000020 seconds.
  path: Assets/Weapons/uziSilencer.obj
  artifactKey: Guid(e92a1a4d3094c4c488ed9995977539cb) Importer(815301076,1909f56bfc062723c751e8b465ee728b)
Start importing Assets/Weapons/uziSilencer.obj using Guid(e92a1a4d3094c4c488ed9995977539cb) Importer(815301076,1909f56bfc062723c751e8b465ee728b)  -> (artifact id: '7761ce06d9c827e1210fe09ff9850cfe') in 0.049631 seconds 
========================================================================
Received Import Request.
  Time since last request: 0.000025 seconds.
  path: Assets/Weapons/uziGoldLong.obj
  artifactKey: Guid(3b8fe0e7781a5a643a172e3edf962e69) Importer(815301076,1909f56bfc062723c751e8b465ee728b)
Start importing Assets/Weapons/uziGoldLong.obj using Guid(3b8fe0e7781a5a643a172e3edf962e69) Importer(815301076,1909f56bfc062723c751e8b465ee728b)  -> (artifact id: 'a781624379ae1130ad4a5360e5067691') in 0.049285 seconds 
========================================================================
Received Import Request.
  Time since last request: 0.000017 seconds.
  path: Assets/Weapons/machinegunLauncher.obj
  artifactKey: Guid(c8985f030f8270f4597f659e3cba7c10) Importer(815301076,1909f56bfc062723c751e8b465ee728b)
Start importing Assets/Weapons/machinegunLauncher.obj using Guid(c8985f030f8270f4597f659e3cba7c10) Importer(815301076,1909f56bfc062723c751e8b465ee728b)  -> (artifact id: '5e5a0d99e1f8b2132fc04f4774e0750d') in 0.033688 seconds 
========================================================================
Received Import Request.
  Time since last request: 0.000019 seconds.
  path: Assets/Weapons/shotgun.obj
  artifactKey: Guid(25ef084687daa014b8538f35cf0d5aa6) Importer(815301076,1909f56bfc062723c751e8b465ee728b)
Start importing Assets/Weapons/shotgun.obj using Guid(25ef084687daa014b8538f35cf0d5aa6) Importer(815301076,1909f56bfc062723c751e8b465ee728b)  -> (artifact id: '01bbbe596ba982fa1eb33ed5453dfe2a') in 0.024809 seconds 
========================================================================
Received Import Request.
  Time since last request: 0.000018 seconds.
  path: Assets/Weapons/ammo_shotgun.obj
  artifactKey: Guid(43b8c7ada695b7f45a45d997db8243d1) Importer(815301076,1909f56bfc062723c751e8b465ee728b)
Start importing Assets/Weapons/ammo_shotgun.obj using Guid(43b8c7ada695b7f45a45d997db8243d1) Importer(815301076,1909f56bfc062723c751e8b465ee728b)  -> (artifact id: 'd54f3af621e24922712405975e6fc1cc') in 0.016195 seconds 
========================================================================
Received Import Request.
  Time since last request: 0.000016 seconds.
  path: Assets/Weapons/uziLong.obj
  artifactKey: Guid(22e92c421ba752b46b9072e90110d8c3) Importer(815301076,1909f56bfc062723c751e8b465ee728b)
Start importing Assets/Weapons/uziLong.obj using Guid(22e92c421ba752b46b9072e90110d8c3) Importer(815301076,1909f56bfc062723c751e8b465ee728b)  -> (artifact id: '5cfe1340fd316752f256c3bcc0f8aebf') in 0.040272 seconds 
========================================================================
Received Import Request.
  Time since last request: 0.000051 seconds.
  path: Assets/Weapons/knifeRound_sharp.obj
  artifactKey: Guid(93cab1bf72fc9424c89a5bcefd9758ae) Importer(815301076,1909f56bfc062723c751e8b465ee728b)
Start importing Assets/Weapons/knifeRound_sharp.obj using Guid(93cab1bf72fc9424c89a5bcefd9758ae) Importer(815301076,1909f56bfc062723c751e8b465ee728b)  -> (artifact id: '9c3e73dd48713f56edf862c7d38be2c4') in 0.016201 seconds 
========================================================================
Received Import Request.
  Time since last request: 0.000017 seconds.
  path: Assets/Weapons/uziGoldLongSilencer.obj
  artifactKey: Guid(6351ba97b47cb2f44aecd209d18dc7b4) Importer(815301076,1909f56bfc062723c751e8b465ee728b)
Start importing Assets/Weapons/uziGoldLongSilencer.obj using Guid(6351ba97b47cb2f44aecd209d18dc7b4) Importer(815301076,1909f56bfc062723c751e8b465ee728b)  -> (artifact id: '9a8617cf28f5e283830b6dfb15a0ba5a') in 0.050559 seconds 
========================================================================
Received Import Request.
  Time since last request: 0.000055 seconds.
  path: Assets/Weapons/ammo_rocket.obj
  artifactKey: Guid(f004b602fcc6f6e4aa5b75fc0a550467) Importer(815301076,1909f56bfc062723c751e8b465ee728b)
Start importing Assets/Weapons/ammo_rocket.obj using Guid(f004b602fcc6f6e4aa5b75fc0a550467) Importer(815301076,1909f56bfc062723c751e8b465ee728b)  -> (artifact id: '348371c3357696511c9a5d45ff51434a') in 0.017229 seconds 
========================================================================
Received Import Request.
  Time since last request: 0.000027 seconds.
  path: Assets/Weapons/knife_sharp.obj
  artifactKey: Guid(af8eb157f3b77c049a9e09dc40349dd4) Importer(815301076,1909f56bfc062723c751e8b465ee728b)
Start importing Assets/Weapons/knife_sharp.obj using Guid(af8eb157f3b77c049a9e09dc40349dd4) Importer(815301076,1909f56bfc062723c751e8b465ee728b)  -> (artifact id: 'ad0f0b7d4405a6528da9ad6bcdca0a8f') in 0.015408 seconds 
========================================================================
Received Import Request.
  Time since last request: 0.000021 seconds.
  path: Assets/Weapons/uzi.obj
  artifactKey: Guid(a52c5e726231ccf468525cd7ce5826a9) Importer(815301076,1909f56bfc062723c751e8b465ee728b)
Start importing Assets/Weapons/uzi.obj using Guid(a52c5e726231ccf468525cd7ce5826a9) Importer(815301076,1909f56bfc062723c751e8b465ee728b)  -> (artifact id: '45290631e9072a6c5c385a1441ff5d75') in 0.028047 seconds 
========================================================================
Received Import Request.
  Time since last request: 0.000017 seconds.
  path: Assets/Weapons/rocketlauncher.obj
  artifactKey: Guid(4fb74fb21026918458c30bf3c72ab0ed) Importer(815301076,1909f56bfc062723c751e8b465ee728b)
Start importing Assets/Weapons/rocketlauncher.obj using Guid(4fb74fb21026918458c30bf3c72ab0ed) Importer(815301076,1909f56bfc062723c751e8b465ee728b)  -> (artifact id: 'ffd1af80537cc192d6e28baaea7c5e08') in 0.024221 seconds 
========================================================================
Received Import Request.
  Time since last request: 0.000018 seconds.
  path: Assets/Weapons/sniper.obj
  artifactKey: Guid(bafe1e4d156ffe945aa89b304a97f261) Importer(815301076,1909f56bfc062723c751e8b465ee728b)
Start importing Assets/Weapons/sniper.obj using Guid(bafe1e4d156ffe945aa89b304a97f261) Importer(815301076,1909f56bfc062723c751e8b465ee728b)  -> (artifact id: 'c255459ab80450bf642b84116398a44f') in 0.036343 seconds 
========================================================================
Received Import Request.
  Time since last request: 0.000019 seconds.
  path: Assets/Weapons/flamethrowerHandle.obj
  artifactKey: Guid(ba71d5398907d994192cf0cc9c83c088) Importer(815301076,1909f56bfc062723c751e8b465ee728b)
Start importing Assets/Weapons/flamethrowerHandle.obj using Guid(ba71d5398907d994192cf0cc9c83c088) Importer(815301076,1909f56bfc062723c751e8b465ee728b)  -> (artifact id: 'add4ab6f9fce546eccc0c49be69405f8') in 0.021797 seconds 
========================================================================
Received Import Request.
  Time since last request: 0.000026 seconds.
  path: Assets/Weapons/knifeRound_smooth.obj
  artifactKey: Guid(f81b15b0bffc31d40a877a3c1512423d) Importer(815301076,1909f56bfc062723c751e8b465ee728b)
Start importing Assets/Weapons/knifeRound_smooth.obj using Guid(f81b15b0bffc31d40a877a3c1512423d) Importer(815301076,1909f56bfc062723c751e8b465ee728b)  -> (artifact id: '8c6c062a94e1d49c1e0d2fcdebe5cf98') in 0.015984 seconds 
========================================================================
Received Import Request.
  Time since last request: 0.000019 seconds.
  path: Assets/Weapons/rocketlauncherSide.obj
  artifactKey: Guid(3d58fdc0b536ace419b6f92be00fb57a) Importer(815301076,1909f56bfc062723c751e8b465ee728b)
Start importing Assets/Weapons/rocketlauncherSide.obj using Guid(3d58fdc0b536ace419b6f92be00fb57a) Importer(815301076,1909f56bfc062723c751e8b465ee728b)  -> (artifact id: '63c12d506839b7f250221283d62ee485') in 0.025547 seconds 
========================================================================
Received Import Request.
  Time since last request: 0.000017 seconds.
  path: Assets/Weapons/sniperCamo.obj
  artifactKey: Guid(784a7324c616c11409e86c156957afe6) Importer(815301076,1909f56bfc062723c751e8b465ee728b)
Start importing Assets/Weapons/sniperCamo.obj using Guid(784a7324c616c11409e86c156957afe6) Importer(815301076,1909f56bfc062723c751e8b465ee728b)  -> (artifact id: 'bf3ad1c88d0aa549267a87b3ca72b937') in 0.036064 seconds 
========================================================================
Received Import Request.
  Time since last request: 0.000021 seconds.
  path: Assets/Weapons/ammo_sniper.obj
  artifactKey: Guid(44ed05d4928407647919ada74e06fc37) Importer(815301076,1909f56bfc062723c751e8b465ee728b)
Start importing Assets/Weapons/ammo_sniper.obj using Guid(44ed05d4928407647919ada74e06fc37) Importer(815301076,1909f56bfc062723c751e8b465ee728b)  -> (artifact id: '9d46ff2f0d8c12870ec6d16be27e07d7') in 0.021500 seconds 
Editor requested this worker to shutdown with reason: Scaling down because of idle timeout
AssetImportWorker is now disconnected from the server
Process exiting
Exiting without the bug reporter. Application will terminate with return code 0